<?xml version="1.0" encoding="UTF-8"?>
<!-- Generated by org.testng.reporters.JUnitXMLReporter -->
<testsuite hostname="DESKTOP-B2220QC" ignored="0" name="ChromeTest" tests="2" failures="1" timestamp="2022-01-31T09:33:02 IST" time="17.456" errors="0">
  <testcase name="toVerityReportTab" time="3.351" classname="test.VeryActitimeHeaders"/>
  <testcase name="toVerityUserTab" time="1.8" classname="test.VeryActitimeHeaders">
    <failure type="java.lang.AssertionError" message="The following asserts failed:
	expected [actiTIME - User ] but found [actiTIME - User List]">
      <![CDATA[java.lang.AssertionError: The following asserts failed:
expected [actiTIME - User ] but found [actiTIME - User List]
at test.VeryActitimeHeaders.toVerityUserTab(VeryActitimeHeaders.java:97)
at java.util.concurrent.ThreadPoolExecutor.runWorker(Unknown Source)
at java.util.concurrent.ThreadPoolExecutor$Worker.run(Unknown Source)
at java.lang.Thread.run(Unknown Source)
... Removed 14 stack frames]]>
    </failure>
  </testcase> <!-- toVerityUserTab -->
</testsuite> <!-- ChromeTest -->
